<?xml version="1.0" encoding="UTF-8"?>
<testsuite name="main.MainDbMigration" tests="1" skipped="0" failures="0" errors="0" timestamp="2017-03-20T14:55:12" hostname="RUENRASKIAL1C" time="1.136">
  <properties/>
  <testcase name="generate" classname="main.MainDbMigration" time="1.136"/>
  <system-out><![CDATA[]]></system-out>
  <system-err><![CDATA[[Test worker] INFO io.ebeaninternal.server.core.bootup.BootupClassPathSearch - Classpath search entities[10] searchTime[90] in packages[[]]
[Test worker] INFO org.avaje.datasource.pool.ConnectionPool - DataSourcePool [pg] autoCommit[false] transIsolation[READ_COMMITTED] min[2] max[100]
[Test worker] INFO io.ebean.internal.DefaultContainer - DatabasePlatform name:pg platform:postgres
[Test worker] INFO io.ebeaninternal.server.deploy.BeanDescriptorManager - Explicit Identity on com.xerocry.domain.Grants but not supported by DB Platform - ignored
[Test worker] INFO io.ebeaninternal.server.deploy.BeanDescriptorManager - Explicit Identity on com.xerocry.domain.Diseases but not supported by DB Platform - ignored
[Test worker] INFO io.ebeaninternal.server.deploy.BeanDescriptorManager - Explicit Identity on com.xerocry.domain.Treatment but not supported by DB Platform - ignored
[Test worker] INFO io.ebeaninternal.server.deploy.BeanDescriptorManager - Explicit Identity on com.xerocry.domain.DiseasesTypes but not supported by DB Platform - ignored
[Test worker] INFO io.ebeaninternal.server.deploy.BeanDescriptorManager - Explicit Identity on com.xerocry.domain.Drugs but not supported by DB Platform - ignored
[Test worker] INFO io.ebeaninternal.server.deploy.BeanDescriptorManager - Explicit Identity on com.xerocry.domain.Patients but not supported by DB Platform - ignored
[Test worker] INFO io.ebeaninternal.server.deploy.BeanDescriptorManager - Explicit Identity on com.xerocry.domain.Doctors but not supported by DB Platform - ignored
[Test worker] INFO io.ebeaninternal.server.deploy.BeanDescriptorManager - Explicit Identity on com.xerocry.domain.Payments but not supported by DB Platform - ignored
[Test worker] INFO io.ebeaninternal.server.deploy.BeanDescriptorManager - Explicit Identity on com.xerocry.domain.Services but not supported by DB Platform - ignored
[Test worker] INFO io.ebeaninternal.server.deploy.BeanDescriptorManager - Explicit Identity on com.xerocry.domain.Departments but not supported by DB Platform - ignored
]]></system-err>
</testsuite>
